<?xml version="1.0" encoding="UTF-8"?>
<testsuite name="com.cuecall.app.ui.screens.settings.BondedPrinterDevicesResolverTest" tests="2" skipped="0" failures="0" errors="0" timestamp="2026-03-11T11:11:41" hostname="vps.us-central1-c.c.crack-saga-487819-k0.internal" time="0.007">
  <properties/>
  <testcase name="returns permission error when bluetooth connect permission is missing" classname="com.cuecall.app.ui.screens.settings.BondedPrinterDevicesResolverTest" time="0.001"/>
  <testcase name="returns bonded devices sorted by name when bluetooth is ready" classname="com.cuecall.app.ui.screens.settings.BondedPrinterDevicesResolverTest" time="0.005"/>
  <system-out><![CDATA[]]></system-out>
  <system-err><![CDATA[]]></system-err>
</testsuite>
