<?xml version="1.0" encoding="UTF-8"?>
<testsuite name="com.cuecall.app.data.repository.MappersTest" tests="7" skipped="0" failures="0" errors="0" timestamp="2026-03-11T11:11:34" hostname="vps.us-central1-c.c.crack-saga-487819-k0.internal" time="0.024">
  <properties/>
  <testcase name="unknown token status in dto defaults to WAITING" classname="com.cuecall.app.data.repository.MappersTest" time="0.01"/>
  <testcase name="counter with assigned service roundtrips correctly" classname="com.cuecall.app.data.repository.MappersTest" time="0.002"/>
  <testcase name="counter with no assigned service roundtrips correctly" classname="com.cuecall.app.data.repository.MappersTest" time="0.0"/>
  <testcase name="service entity roundtrip preserves all fields" classname="com.cuecall.app.data.repository.MappersTest" time="0.001"/>
  <testcase name="token dto roundtrip preserves all fields" classname="com.cuecall.app.data.repository.MappersTest" time="0.001"/>
  <testcase name="token entity roundtrip preserves status and timestamps" classname="com.cuecall.app.data.repository.MappersTest" time="0.001"/>
  <testcase name="clinic entity roundtrip preserves all fields" classname="com.cuecall.app.data.repository.MappersTest" time="0.001"/>
  <system-out><![CDATA[]]></system-out>
  <system-err><![CDATA[]]></system-err>
</testsuite>
